<?xml version="1.0" encoding="UTF-8"?>
<!-- Generated by org.testng.reporters.JUnitReportReporter -->
<testsuite hostname="DESKTOP-8D801LO" failures="0" tests="3" name="com.qa.crm.testcases.HomePageTest" time="85.886" errors="0" timestamp="2025-04-17T00:05:19 IST" skipped="0">
  <testcase classname="com.qa.crm.testcases.HomePageTest" name="validateHomePageTitleTest" time="30.593"/>
  <testcase classname="com.qa.crm.testcases.HomePageTest" name="verifyLoginUserNameTest" time="26.897"/>
  <testcase classname="com.qa.crm.testcases.HomePageTest" name="clickOnContactsLinkTest" time="28.396"/>
</testsuite> <!-- com.qa.crm.testcases.HomePageTest -->
