<?xml version="1.0" encoding="UTF-8"?>
<!-- Generated by org.testng.reporters.JUnitReportReporter -->
<testsuite hostname="DESKTOP-8D801LO" failures="0" tests="7" name="com.qa.crm.testcases.ContactsPageTest" time="228.271" errors="0" timestamp="2025-04-17T00:05:19 IST" skipped="0">
  <testcase classname="com.qa.crm.testcases.ContactsPageTest" name="verifyContactsPageLableTest" time="28.990"/>
  <testcase classname="com.qa.crm.testcases.ContactsPageTest" name="verifySelectSingleContacts" time="28.976"/>
  <testcase classname="com.qa.crm.testcases.ContactsPageTest" name="verifySelectMultipleContacts" time="30.542"/>
  <testcase classname="com.qa.crm.testcases.ContactsPageTest" name="verifyCreateNewContacts" time="34.521"/>
  <testcase classname="com.qa.crm.testcases.ContactsPageTest" name="verifyCreateNewContacts" time="35.242"/>
  <testcase classname="com.qa.crm.testcases.ContactsPageTest" name="verifyCreateNewContacts" time="35.392"/>
  <testcase classname="com.qa.crm.testcases.ContactsPageTest" name="verifyCreateNewContacts" time="34.608"/>
</testsuite> <!-- com.qa.crm.testcases.ContactsPageTest -->
