<?xml version="1.0" encoding="UTF-8"?>
<!-- Generated by org.testng.reporters.JUnitReportReporter -->
<testsuite hostname="DESKTOP-8D801LO" failures="0" tests="3" name="com.qa.crm.testcases.LoginPageTest" time="45.715" errors="0" timestamp="2025-04-17T00:05:19 IST" skipped="0">
  <testcase classname="com.qa.crm.testcases.LoginPageTest" name="validateLoginPageTitleTest" time="13.632"/>
  <testcase classname="com.qa.crm.testcases.LoginPageTest" name="validateLoginPageLogoTest" time="14.200"/>
  <testcase classname="com.qa.crm.testcases.LoginPageTest" name="logiTest" time="17.883"/>
</testsuite> <!-- com.qa.crm.testcases.LoginPageTest -->
