<?xml version="1.0" encoding="UTF-8"?>
<!-- Generated by org.testng.reporters.JUnitReportReporter -->
<testsuite hostname="DESKTOP-8D801LO" failures="0" tests="3" name="com.qa.crm.testcases.LoginPageTest" time="54.962" errors="0" timestamp="2025-04-18T16:49:53 IST" skipped="0">
  <testcase classname="com.qa.crm.testcases.LoginPageTest" name="validateLoginPageTitleTest" time="14.146"/>
  <testcase classname="com.qa.crm.testcases.LoginPageTest" name="validateLoginPageLogoTest" time="14.416"/>
  <testcase classname="com.qa.crm.testcases.LoginPageTest" name="logiTest" time="26.400"/>
</testsuite> <!-- com.qa.crm.testcases.LoginPageTest -->
