<?xml version="1.0" encoding="UTF-8"?>
<!-- Generated by org.testng.reporters.JUnitReportReporter -->
<testsuite hostname="DESKTOP-8D801LO" failures="0" tests="7" name="com.qa.crm.testcases.ContactsPageTest" time="243.113" errors="0" timestamp="2025-04-18T16:49:53 IST" skipped="0">
  <testcase classname="com.qa.crm.testcases.ContactsPageTest" name="verifyContactsPageLableTest" time="30.283"/>
  <testcase classname="com.qa.crm.testcases.ContactsPageTest" name="verifySelectSingleContacts" time="30.799"/>
  <testcase classname="com.qa.crm.testcases.ContactsPageTest" name="verifySelectMultipleContacts" time="31.242"/>
  <testcase classname="com.qa.crm.testcases.ContactsPageTest" name="verifyCreateNewContacts" time="38.770"/>
  <testcase classname="com.qa.crm.testcases.ContactsPageTest" name="verifyCreateNewContacts" time="36.252"/>
  <testcase classname="com.qa.crm.testcases.ContactsPageTest" name="verifyCreateNewContacts" time="37.681"/>
  <testcase classname="com.qa.crm.testcases.ContactsPageTest" name="verifyCreateNewContacts" time="38.086"/>
</testsuite> <!-- com.qa.crm.testcases.ContactsPageTest -->
