<?xml version="1.0" encoding="UTF-8"?>
<!-- Generated by org.testng.reporters.JUnitReportReporter -->
<testsuite hostname="DESKTOP-8D801LO" failures="0" tests="3" name="com.qa.crm.testcases.HomePageTest" time="98.121" errors="0" timestamp="2025-04-18T16:49:53 IST" skipped="0">
  <testcase classname="com.qa.crm.testcases.HomePageTest" name="validateHomePageTitleTest" time="30.123"/>
  <testcase classname="com.qa.crm.testcases.HomePageTest" name="verifyLoginUserNameTest" time="27.519"/>
  <testcase classname="com.qa.crm.testcases.HomePageTest" name="clickOnContactsLinkTest" time="40.479"/>
</testsuite> <!-- com.qa.crm.testcases.HomePageTest -->
